--- Begin : FPS chart dump for level 'UEDPIE_0_Platformer_StreetSection'
Dumping FPS chart at 2019.01.28-11.10.18 using build ++UE4+Release-4.19-CL-4033788 in config Development built from changelist 4033788
Machine info:
	OS: Windows 10 
	CPU: AuthenticAMD AMD Ryzen 7 2700X Eight-Core Processor
	GPU: Radeon RX Vega
	Resolution Quality: 100.00
	View Distance Quality: 3
	Anti-Aliasing Quality: 3
	Shadow Quality: 3
	Post-Process Quality: 3
	Texture Quality: 3
	Effects Quality: 3
	Foliage Quality: 3
5908 frames collected over 80.60 seconds, disregarding 0.00 seconds for a 73.30 FPS average
Average GPU frametime: 13.64 ms
BoundGameThreadPct: 0.14
BoundRenderThreadPct: 0.00
BoundGPUPct: 0.05
ExcludeIdleTime: 0
Bucket: 0.0 - 5.0  Time:  0.00  Frame:  0.00
Bucket: 5.0 - 10.0  Time:  0.00  Frame:  0.00
Bucket: 10.0 - 15.0  Time:  0.09  Frame:  0.02
Bucket: 15.0 - 20.0  Time:  0.41  Frame:  0.10
Bucket: 20.0 - 25.0  Time:  0.11  Frame:  0.03
Bucket: 25.0 - 30.0  Time:  0.18  Frame:  0.07
Bucket: 30.0 - 40.0  Time:  0.74  Frame:  0.37
Bucket: 40.0 - 50.0  Time: 10.07  Frame:  6.47
Bucket: 50.0 - 60.0  Time: 12.60  Frame:  9.17
Bucket: 60.0 - 70.0  Time:  7.87  Frame:  6.99
Bucket: 70.0 - 80.0  Time:  7.74  Frame:  8.06
Bucket: 80.0 - 90.0  Time: 59.97  Frame: 68.45
Bucket: 90.0 - 100.0  Time:  0.17  Frame:  0.20
Bucket: 100.0 - 110.0  Time:  0.01  Frame:  0.02
Bucket: 110.0 - 120.0  Time:  0.01  Frame:  0.02
Bucket: 120.0 - 340282346638528859811704183484516925440.0  Time:  0.02  Frame:  0.03
  Target 30 FPS: 0.00 % syncs missed, 99.21 % of time spent > 30 FPS (99.78 % of frames)
  Target 60 FPS: 0.00 % syncs missed, 75.79 % of time spent > 60 FPS (83.77 % of frames)
  Target 120 FPS: 38.92 % syncs missed, 0.02 % of time spent > 120 FPS (0.03 % of frames)
--- Begin : Hitch chart dump for level 'UEDPIE_0_Platformer_StreetSection'
Bucket: 0.00s - 0.03s  Count: 0  Time: 0.00 s
Bucket: 0.03s - 0.06s  Count: 0  Time: 0.00 s
Bucket: 0.06s - 0.10s  Count: 3  Time: 0.20 s
Bucket: 0.10s - 0.15s  Count: 0  Time: 0.00 s
Bucket: 0.15s - 0.20s  Count: 0  Time: 0.00 s
Bucket: 0.20s - 0.30s  Count: 0  Time: 0.00 s
Bucket: 0.30s - 0.50s  Count: 0  Time: 0.00 s
Bucket: 0.50s - 0.75s  Count: 0  Time: 0.00 s
Bucket: 0.75s - 1.00s  Count: 0  Time: 0.00 s
Bucket: 1.00s - 1.50s  Count: 0  Time: 0.00 s
Bucket: 1.50s - 2.00s  Count: 0  Time: 0.00 s
Bucket: 2.00s - 2.50s  Count: 0  Time: 0.00 s
Bucket: 2.50s - 5.00s  Count: 0  Time: 0.00 s
Bucket: 5.00s - inf  Count: 0  Time: 0.00 s
Total hitch count:  3
Hitch frames bound by game thread:  3  (1.0 percent)
Hitch frames bound by render thread:  0  (0.0 percent)
Hitch frames bound by GPU:  0  (0.0 percent)
Hitches / min:  2.23
Time spent in hitch buckets:  0.20 s
Avg. hitch frame length:  0.00 s
--- End




