--- Begin : FPS chart dump for level 'UEDPIE_0_Highrise'
Dumping FPS chart at 2019.01.28-13.02.48 using build ++UE4+Release-4.19-CL-4033788 in config Development built from changelist 4033788
Machine info:
	OS: Windows 10 
	CPU: AuthenticAMD AMD Ryzen 7 2700X Eight-Core Processor
	GPU: Radeon RX Vega
	Resolution Quality: 100.00
	View Distance Quality: 3
	Anti-Aliasing Quality: 3
	Shadow Quality: 3
	Post-Process Quality: 3
	Texture Quality: 3
	Effects Quality: 3
	Foliage Quality: 3
4941 frames collected over 80.76 seconds, disregarding 0.00 seconds for a 61.18 FPS average
Average GPU frametime: 16.34 ms
BoundGameThreadPct: 0.02
BoundRenderThreadPct: 0.00
BoundGPUPct: 0.00
ExcludeIdleTime: 0
Bucket: 0.0 - 5.0  Time:  0.00  Frame:  0.00
Bucket: 5.0 - 10.0  Time:  0.00  Frame:  0.00
Bucket: 10.0 - 15.0  Time:  0.00  Frame:  0.00
Bucket: 15.0 - 20.0  Time:  0.00  Frame:  0.00
Bucket: 20.0 - 25.0  Time:  0.10  Frame:  0.04
Bucket: 25.0 - 30.0  Time:  0.05  Frame:  0.02
Bucket: 30.0 - 40.0  Time:  2.42  Frame:  1.50
Bucket: 40.0 - 50.0  Time: 28.01  Frame: 20.60
Bucket: 50.0 - 60.0  Time: 13.50  Frame: 12.14
Bucket: 60.0 - 70.0  Time: 11.46  Frame: 12.24
Bucket: 70.0 - 80.0  Time: 44.42  Frame: 53.39
Bucket: 80.0 - 90.0  Time:  0.02  Frame:  0.02
Bucket: 90.0 - 100.0  Time:  0.00  Frame:  0.00
Bucket: 100.0 - 110.0  Time:  0.01  Frame:  0.02
Bucket: 110.0 - 120.0  Time:  0.01  Frame:  0.02
Bucket: 120.0 - 340282346638528859811704183484516925440.0  Time:  0.00  Frame:  0.00
  Target 30 FPS: 0.00 % syncs missed, 99.85 % of time spent > 30 FPS (99.94 % of frames)
  Target 60 FPS: 0.00 % syncs missed, 55.92 % of time spent > 60 FPS (65.70 % of frames)
  Target 120 FPS: 49.01 % syncs missed, 0.00 % of time spent > 120 FPS (0.00 % of frames)
--- Begin : Hitch chart dump for level 'UEDPIE_0_Highrise'
Bucket: 0.00s - 0.03s  Count: 0  Time: 0.00 s
Bucket: 0.03s - 0.06s  Count: 0  Time: 0.00 s
Bucket: 0.06s - 0.10s  Count: 0  Time: 0.00 s
Bucket: 0.10s - 0.15s  Count: 0  Time: 0.00 s
Bucket: 0.15s - 0.20s  Count: 0  Time: 0.00 s
Bucket: 0.20s - 0.30s  Count: 0  Time: 0.00 s
Bucket: 0.30s - 0.50s  Count: 0  Time: 0.00 s
Bucket: 0.50s - 0.75s  Count: 0  Time: 0.00 s
Bucket: 0.75s - 1.00s  Count: 0  Time: 0.00 s
Bucket: 1.00s - 1.50s  Count: 0  Time: 0.00 s
Bucket: 1.50s - 2.00s  Count: 0  Time: 0.00 s
Bucket: 2.00s - 2.50s  Count: 0  Time: 0.00 s
Bucket: 2.50s - 5.00s  Count: 0  Time: 0.00 s
Bucket: 5.00s - inf  Count: 0  Time: 0.00 s
Total hitch count:  0
Hitch frames bound by game thread:  0  (0.0 percent)
Hitch frames bound by render thread:  0  (0.0 percent)
Hitch frames bound by GPU:  0  (0.0 percent)
Hitches / min:  0.00
Time spent in hitch buckets:  0.00 s
Avg. hitch frame length:  0.00 s
--- End




