--- Begin : FPS chart dump for level 'UEDPIE_0_TowerDefenseMap'
Dumping FPS chart at 2019.01.28-14.31.42 using build ++UE4+Release-4.19-CL-4033788 in config Development built from changelist 4033788
Machine info:
	OS: Windows 10 
	CPU: GenuineIntel Intel(R) Core(TM) i7-8700K CPU @ 3.70GHz
	GPU: NVIDIA GeForce GTX 1080 Ti
	Resolution Quality: 100.00
	View Distance Quality: 3
	Anti-Aliasing Quality: 3
	Shadow Quality: 3
	Post-Process Quality: 3
	Texture Quality: 3
	Effects Quality: 3
	Foliage Quality: 3
21809 frames collected over 220.70 seconds, disregarding 0.00 seconds for a 98.82 FPS average
Average GPU frametime: 10.12 ms
BoundGameThreadPct: 0.00
BoundRenderThreadPct: 0.00
BoundGPUPct: 0.00
ExcludeIdleTime: 0
Bucket: 0.0 - 5.0  Time:  0.00  Frame:  0.00
Bucket: 5.0 - 10.0  Time:  0.00  Frame:  0.00
Bucket: 10.0 - 15.0  Time:  0.00  Frame:  0.00
Bucket: 15.0 - 20.0  Time:  0.00  Frame:  0.00
Bucket: 20.0 - 25.0  Time:  0.02  Frame:  0.00
Bucket: 25.0 - 30.0  Time:  0.00  Frame:  0.00
Bucket: 30.0 - 40.0  Time:  0.06  Frame:  0.02
Bucket: 40.0 - 50.0  Time:  0.07  Frame:  0.03
Bucket: 50.0 - 60.0  Time:  0.02  Frame:  0.01
Bucket: 60.0 - 70.0  Time:  0.15  Frame:  0.10
Bucket: 70.0 - 80.0  Time:  0.72  Frame:  0.56
Bucket: 80.0 - 90.0  Time: 11.25  Frame:  9.81
Bucket: 90.0 - 100.0  Time: 41.84  Frame: 40.74
Bucket: 100.0 - 110.0  Time: 39.73  Frame: 41.57
Bucket: 110.0 - 120.0  Time:  5.74  Frame:  6.68
Bucket: 120.0 - 340282346638528859811704183484516925440.0  Time:  0.39  Frame:  0.47
  Target 30 FPS: 0.00 % syncs missed, 99.98 % of time spent > 30 FPS (100.00 % of frames)
  Target 60 FPS: 0.00 % syncs missed, 99.82 % of time spent > 60 FPS (99.93 % of frames)
  Target 120 FPS: 17.65 % syncs missed, 0.39 % of time spent > 120 FPS (0.47 % of frames)
--- Begin : Hitch chart dump for level 'UEDPIE_0_TowerDefenseMap'
Bucket: 0.00s - 0.03s  Count: 0  Time: 0.00 s
Bucket: 0.03s - 0.06s  Count: 0  Time: 0.00 s
Bucket: 0.06s - 0.10s  Count: 0  Time: 0.00 s
Bucket: 0.10s - 0.15s  Count: 0  Time: 0.00 s
Bucket: 0.15s - 0.20s  Count: 0  Time: 0.00 s
Bucket: 0.20s - 0.30s  Count: 0  Time: 0.00 s
Bucket: 0.30s - 0.50s  Count: 0  Time: 0.00 s
Bucket: 0.50s - 0.75s  Count: 0  Time: 0.00 s
Bucket: 0.75s - 1.00s  Count: 0  Time: 0.00 s
Bucket: 1.00s - 1.50s  Count: 0  Time: 0.00 s
Bucket: 1.50s - 2.00s  Count: 0  Time: 0.00 s
Bucket: 2.00s - 2.50s  Count: 0  Time: 0.00 s
Bucket: 2.50s - 5.00s  Count: 0  Time: 0.00 s
Bucket: 5.00s - inf  Count: 0  Time: 0.00 s
Total hitch count:  0
Hitch frames bound by game thread:  0  (0.0 percent)
Hitch frames bound by render thread:  0  (0.0 percent)
Hitch frames bound by GPU:  0  (0.0 percent)
Hitches / min:  0.00
Time spent in hitch buckets:  0.00 s
Avg. hitch frame length:  0.00 s
--- End




